[debug] [2024-08-29T12:06:41.705Z] ----------------------------------------------------------------------
[debug] [2024-08-29T12:06:41.706Z] Command:       /usr/local/bin/firebase /home/kourosh/.cache/firebase/tools/lib/node_modules/firebase-tools/lib/bin/firebase init hosting
[debug] [2024-08-29T12:06:41.707Z] CLI Version:   13.16.0
[debug] [2024-08-29T12:06:41.707Z] Platform:      linux
[debug] [2024-08-29T12:06:41.707Z] Node Version:  v18.5.0
[debug] [2024-08-29T12:06:41.707Z] Time:          Thu Aug 29 2024 16:36:41 GMT+0430 (Iran Daylight Time)
[debug] [2024-08-29T12:06:41.707Z] ----------------------------------------------------------------------
[debug] 
[debug] [2024-08-29T12:06:41.713Z] > command requires scopes: ["email","openid","https://www.googleapis.com/auth/cloudplatformprojects.readonly","https://www.googleapis.com/auth/firebase","https://www.googleapis.com/auth/cloud-platform"]
[debug] [2024-08-29T12:06:41.713Z] > authorizing via signed-in user (moslem.ezati@gmail.com)
[info] 
     ######## #### ########  ######## ########     ###     ######  ########
     ##        ##  ##     ## ##       ##     ##  ##   ##  ##       ##
     ######    ##  ########  ######   ########  #########  ######  ######
     ##        ##  ##    ##  ##       ##     ## ##     ##       ## ##
     ##       #### ##     ## ######## ########  ##     ##  ######  ########

You're about to initialize a Firebase project in this directory:

  /media/kourosh/Windows/Users/Shatoob/workspaces/weather-apps/landing-page

Before we get started, keep in mind:

  * You are currently outside your home directory

[info] 
=== Project Setup
[info] 
[info] First, let's associate this project directory with a Firebase project.
[info] You can create multiple project aliases by running firebase use --add, 
[info] but for now we'll just set up a default project.
[info] 
[debug] [2024-08-29T12:06:43.101Z] >>> [apiv2][query] GET https://firebase.googleapis.com/v1beta1/projects pageSize=100
[debug] [2024-08-29T12:06:44.022Z] <<< [apiv2][status] GET https://firebase.googleapis.com/v1beta1/projects 403
[debug] [2024-08-29T12:06:44.023Z] <<< [apiv2][body] GET https://firebase.googleapis.com/v1beta1/projects [omitted]
[debug] [2024-08-29T12:06:44.023Z] Unable to parse JSON: SyntaxError: Unexpected token < in JSON at position 0
[debug] [2024-08-29T12:06:44.811Z] FirebaseError: Unable to parse JSON: SyntaxError: Unexpected token < in JSON at position 0
    at RetryOperation._fn (/home/kourosh/.cache/firebase/tools/lib/node_modules/firebase-tools/lib/apiv2.js:277:39)
    at process.processTicksAndRejections (node:internal/process/task_queues:95:5)
[error] 
[error] Error: Failed to list Firebase projects. See firebase-debug.log for more info.
[debug] [2024-08-29T12:06:48.810Z] ----------------------------------------------------------------------
[debug] [2024-08-29T12:06:48.811Z] Command:       /usr/local/bin/firebase /home/kourosh/.cache/firebase/tools/lib/node_modules/firebase-tools/lib/bin/firebase init hosting
[debug] [2024-08-29T12:06:48.812Z] CLI Version:   13.16.0
[debug] [2024-08-29T12:06:48.812Z] Platform:      linux
[debug] [2024-08-29T12:06:48.812Z] Node Version:  v18.5.0
[debug] [2024-08-29T12:06:48.812Z] Time:          Thu Aug 29 2024 16:36:48 GMT+0430 (Iran Daylight Time)
[debug] [2024-08-29T12:06:48.812Z] ----------------------------------------------------------------------
[debug] 
[debug] [2024-08-29T12:06:48.818Z] > command requires scopes: ["email","openid","https://www.googleapis.com/auth/cloudplatformprojects.readonly","https://www.googleapis.com/auth/firebase","https://www.googleapis.com/auth/cloud-platform"]
[debug] [2024-08-29T12:06:48.818Z] > authorizing via signed-in user (moslem.ezati@gmail.com)
[info] 
     ######## #### ########  ######## ########     ###     ######  ########
     ##        ##  ##     ## ##       ##     ##  ##   ##  ##       ##
     ######    ##  ########  ######   ########  #########  ######  ######
     ##        ##  ##    ##  ##       ##     ## ##     ##       ## ##
     ##       #### ##     ## ######## ########  ##     ##  ######  ########

You're about to initialize a Firebase project in this directory:

  /media/kourosh/Windows/Users/Shatoob/workspaces/weather-apps/landing-page

Before we get started, keep in mind:

  * You are currently outside your home directory

[info] 
=== Project Setup
[info] 
[info] First, let's associate this project directory with a Firebase project.
[info] You can create multiple project aliases by running firebase use --add, 
[info] but for now we'll just set up a default project.
[info] 
[info] i  If you want to create a project in a Google Cloud organization or folder, please use "firebase projects:create" instead, and return to this command when you've created the project. 
[debug] [2024-08-29T12:07:06.528Z] >>> [apiv2][query] POST https://cloudresourcemanager.googleapis.com/v1/projects [none]
[debug] [2024-08-29T12:07:06.529Z] >>> [apiv2][body] POST https://cloudresourcemanager.googleapis.com/v1/projects {"projectId":"landing-w","name":"landing-w"}
[debug] [2024-08-29T12:07:07.535Z] <<< [apiv2][status] POST https://cloudresourcemanager.googleapis.com/v1/projects 403
[debug] [2024-08-29T12:07:07.535Z] <<< [apiv2][body] POST https://cloudresourcemanager.googleapis.com/v1/projects "<!DOCTYPE html>\n<html lang=en>\n  <meta charset=utf-8>\n  <meta name=viewport content=\"initial-scale=1, minimum-scale=1, width=device-width\">\n  <title>Error 403 (Forbidden)!!1</title>\n  <style>\n    *{margin:0;padding:0}html,code{font:15px/22px arial,sans-serif}html{background:#fff;color:#222;padding:15px}body{margin:7% auto 0;max-width:390px;min-height:180px;padding:30px 0 15px}* > body{background:url(//www.google.com/images/errors/robot.png) 100% 5px no-repeat;padding-right:205px}p{margin:11px 0 22px;overflow:hidden}ins{color:#777;text-decoration:none}a img{border:0}@media screen and (max-width:772px){body{background:none;margin-top:0;max-width:none;padding-right:0}}#logo{background:url(//www.google.com/images/branding/googlelogo/1x/googlelogo_color_150x54dp.png) no-repeat;margin-left:-5px}@media only screen and (min-resolution:192dpi){#logo{background:url(//www.google.com/images/branding/googlelogo/2x/googlelogo_color_150x54dp.png) no-repeat 0% 0%/100% 100%;-moz-border-image:url(//www.google.com/images/branding/googlelogo/2x/googlelogo_color_150x54dp.png) 0}}@media only screen and (-webkit-min-device-pixel-ratio:2){#logo{background:url(//www.google.com/images/branding/googlelogo/2x/googlelogo_color_150x54dp.png) no-repeat;-webkit-background-size:100% 100%}}#logo{display:inline-block;height:54px;width:150px}\n  </style>\n  <a href=//www.google.com/><span id=logo aria-label=Google></span></a>\n  <p><b>403.</b> <ins>That’s an error.</ins>\n  <p>Your client does not have permission to get URL <code>/v1/projects</code> from this server.  <ins>That’s all we know.</ins>\n"
[debug] [2024-08-29T12:07:08.283Z] FirebaseError: Unable to parse JSON: SyntaxError: Unexpected token < in JSON at position 0
    at RetryOperation._fn (/home/kourosh/.cache/firebase/tools/lib/node_modules/firebase-tools/lib/apiv2.js:277:39)
    at process.processTicksAndRejections (node:internal/process/task_queues:95:5)
[error] 
[error] Error: Failed to create project. See firebase-debug.log for more info.
